This file contains any messages produced by compilers while
running configure, to aid debugging if configure makes a mistake.

It was created by configure, which was
generated by GNU Autoconf 2.69.  Invocation command line was

  $ ./configure 

## --------- ##
## Platform. ##
## --------- ##

hostname = EliX.local
uname -m = x86_64
uname -r = 17.2.0
uname -s = Darwin
uname -v = Darwin Kernel Version 17.2.0: Fri Sep 29 18:27:05 PDT 2017; root:xnu-4570.20.62~3/RELEASE_X86_64

/usr/bin/uname -p = i386
/bin/uname -X     = unknown

/bin/arch              = unknown
/usr/bin/arch -k       = unknown
/usr/convex/getsysinfo = unknown
/usr/bin/hostinfo      = Mach kernel version:
	 Darwin Kernel Version 17.2.0: Fri Sep 29 18:27:05 PDT 2017; root:xnu-4570.20.62~3/RELEASE_X86_64
Kernel configured for up to 8 processors.
4 processors are physically available.
8 processors are logically available.
Processor type: x86_64h (Intel x86-64h Haswell)
Processors active: 0 1 2 3 4 5 6 7
Primary memory available: 8.00 gigabytes
Default processor set: 357 tasks, 2130 threads, 8 processors
Load average: 3.29, Mach factor: 4.70
/bin/machine           = unknown
/usr/bin/oslevel       = unknown
/bin/universe          = unknown

PATH: /usr/local/bin
PATH: /usr/bin
PATH: /bin
PATH: /usr/sbin
PATH: /sbin
PATH: /usr/local/MacGPG2/bin
PATH: /opt/X11/bin
PATH: /Library/Frameworks/Mono.framework/Versions/Current/Commands


## ----------- ##
## Core tests. ##
## ----------- ##

configure:2400: checking for gcc
configure:2416: found /usr/bin/gcc
configure:2427: result: gcc
configure:2656: checking for C compiler version
configure:2665: gcc --version >&5
Apple LLVM version 9.0.0 (clang-900.0.39.2)
Target: x86_64-apple-darwin17.2.0
Thread model: posix
InstalledDir: /Applications/Xcode.app/Contents/Developer/Toolchains/XcodeDefault.xctoolchain/usr/bin
Configured with: --prefix=/Applications/Xcode.app/Contents/Developer/usr --with-gxx-include-dir=/usr/include/c++/4.2.1
configure:2676: $? = 0
configure:2665: gcc -v >&5
Configured with: --prefix=/Applications/Xcode.app/Contents/Developer/usr --with-gxx-include-dir=/usr/include/c++/4.2.1
Apple LLVM version 9.0.0 (clang-900.0.39.2)
Target: x86_64-apple-darwin17.2.0
Thread model: posix
InstalledDir: /Applications/Xcode.app/Contents/Developer/Toolchains/XcodeDefault.xctoolchain/usr/bin
configure:2676: $? = 0
configure:2665: gcc -V >&5
clang: error: argument to '-V' is missing (expected 1 value)
clang: error: no input files
configure:2676: $? = 1
configure:2665: gcc -qversion >&5
clang: error: unknown argument: '-qversion'
clang: error: no input files
configure:2676: $? = 1
configure:2696: checking whether the C compiler works
configure:2718: gcc    conftest.c  >&5
configure:2722: $? = 0
configure:2770: result: yes
configure:2773: checking for C compiler default output file name
configure:2775: result: a.out
configure:2781: checking for suffix of executables
configure:2788: gcc -o conftest    conftest.c  >&5
configure:2792: $? = 0
configure:2814: result: 
configure:2836: checking whether we are cross compiling
configure:2844: gcc -o conftest    conftest.c  >&5
configure:2848: $? = 0
configure:2855: ./conftest
configure:2859: $? = 0
configure:2874: result: no
configure:2879: checking for suffix of object files
configure:2901: gcc -c   conftest.c >&5
configure:2905: $? = 0
configure:2926: result: o
configure:2930: checking whether we are using the GNU C compiler
configure:2949: gcc -c   conftest.c >&5
configure:2949: $? = 0
configure:2958: result: yes
configure:2967: checking whether gcc accepts -g
configure:2987: gcc -c -g  conftest.c >&5
configure:2987: $? = 0
configure:3028: result: yes
configure:3045: checking for gcc option to accept ISO C89
configure:3108: gcc  -c -g -O2  conftest.c >&5
configure:3108: $? = 0
configure:3121: result: none needed
configure:3142: checking whether gcc and cc understand -c and -o together
configure:3173: gcc -c conftest.c -o conftest2.o >&5
configure:3177: $? = 0
configure:3183: gcc -c conftest.c -o conftest2.o >&5
configure:3187: $? = 0
configure:3198: cc -c conftest.c >&5
configure:3202: $? = 0
configure:3210: cc -c conftest.c -o conftest2.o >&5
configure:3214: $? = 0
configure:3220: cc -c conftest.c -o conftest2.o >&5
configure:3224: $? = 0
configure:3242: result: yes
configure:3266: checking how to run the C preprocessor
configure:3297: gcc -E  conftest.c
configure:3297: $? = 0
configure:3311: gcc -E  conftest.c
conftest.c:9:10: fatal error: 'ac_nonexistent.h' file not found
#include <ac_nonexistent.h>
         ^~~~~~~~~~~~~~~~~~
1 error generated.
configure:3311: $? = 1
configure: failed program was:
| /* confdefs.h */
| #define PACKAGE_NAME ""
| #define PACKAGE_TARNAME ""
| #define PACKAGE_VERSION ""
| #define PACKAGE_STRING ""
| #define PACKAGE_BUGREPORT ""
| #define PACKAGE_URL ""
| /* end confdefs.h.  */
| #include <ac_nonexistent.h>
configure:3336: result: gcc -E
configure:3356: gcc -E  conftest.c
configure:3356: $? = 0
configure:3370: gcc -E  conftest.c
conftest.c:9:10: fatal error: 'ac_nonexistent.h' file not found
#include <ac_nonexistent.h>
         ^~~~~~~~~~~~~~~~~~
1 error generated.
configure:3370: $? = 1
configure: failed program was:
| /* confdefs.h */
| #define PACKAGE_NAME ""
| #define PACKAGE_TARNAME ""
| #define PACKAGE_VERSION ""
| #define PACKAGE_STRING ""
| #define PACKAGE_BUGREPORT ""
| #define PACKAGE_URL ""
| /* end confdefs.h.  */
| #include <ac_nonexistent.h>
configure:3399: checking for inline
configure:3415: gcc -c -g -O2  conftest.c >&5
configure:3415: $? = 0
configure:3423: result: inline
configure:3443: checking size of short
configure:3463: gcc -c -g -O2  conftest.c >&5
conftest.c:16:25: error: duplicate case value '0'
switch (0) case 0: case (sizeof (short) == 4):;
                        ^
conftest.c:16:17: note: previous case defined here
switch (0) case 0: case (sizeof (short) == 4):;
                ^
1 error generated.
configure:3463: $? = 1
configure: failed program was:
| /* confdefs.h */
| #define PACKAGE_NAME ""
| #define PACKAGE_TARNAME ""
| #define PACKAGE_VERSION ""
| #define PACKAGE_STRING ""
| #define PACKAGE_BUGREPORT ""
| #define PACKAGE_URL ""
| /* end confdefs.h.  */
| #include "confdefs.h"
| #include <sys/types.h>
| 
| 
| int
| main ()
| {
| switch (0) case 0: case (sizeof (short) == 4):;
|   ;
|   return 0;
| }
configure:3463: gcc -c -g -O2  conftest.c >&5
conftest.c:16:25: error: duplicate case value '0'
switch (0) case 0: case (sizeof (short) == 8):;
                        ^
conftest.c:16:17: note: previous case defined here
switch (0) case 0: case (sizeof (short) == 8):;
                ^
1 error generated.
configure:3463: $? = 1
configure: failed program was:
| /* confdefs.h */
| #define PACKAGE_NAME ""
| #define PACKAGE_TARNAME ""
| #define PACKAGE_VERSION ""
| #define PACKAGE_STRING ""
| #define PACKAGE_BUGREPORT ""
| #define PACKAGE_URL ""
| /* end confdefs.h.  */
| #include "confdefs.h"
| #include <sys/types.h>
| 
| 
| int
| main ()
| {
| switch (0) case 0: case (sizeof (short) == 8):;
|   ;
|   return 0;
| }
configure:3463: gcc -c -g -O2  conftest.c >&5
conftest.c:16:25: error: duplicate case value '0'
switch (0) case 0: case (sizeof (short) == 1):;
                        ^
conftest.c:16:17: note: previous case defined here
switch (0) case 0: case (sizeof (short) == 1):;
                ^
1 error generated.
configure:3463: $? = 1
configure: failed program was:
| /* confdefs.h */
| #define PACKAGE_NAME ""
| #define PACKAGE_TARNAME ""
| #define PACKAGE_VERSION ""
| #define PACKAGE_STRING ""
| #define PACKAGE_BUGREPORT ""
| #define PACKAGE_URL ""
| /* end confdefs.h.  */
| #include "confdefs.h"
| #include <sys/types.h>
| 
| 
| int
| main ()
| {
| switch (0) case 0: case (sizeof (short) == 1):;
|   ;
|   return 0;
| }
configure:3463: gcc -c -g -O2  conftest.c >&5
configure:3463: $? = 0
configure:3475: result: 2
configure:3483: checking size of int
configure:3503: gcc -c -g -O2  conftest.c >&5
configure:3503: $? = 0
configure:3515: result: 4
configure:3523: checking size of long
configure:3543: gcc -c -g -O2  conftest.c >&5
conftest.c:18:25: error: duplicate case value '0'
switch (0) case 0: case (sizeof (long) == 4):;
                        ^
conftest.c:18:17: note: previous case defined here
switch (0) case 0: case (sizeof (long) == 4):;
                ^
1 error generated.
configure:3543: $? = 1
configure: failed program was:
| /* confdefs.h */
| #define PACKAGE_NAME ""
| #define PACKAGE_TARNAME ""
| #define PACKAGE_VERSION ""
| #define PACKAGE_STRING ""
| #define PACKAGE_BUGREPORT ""
| #define PACKAGE_URL ""
| #define SIZEOF_SHORT 2
| #define SIZEOF_INT 4
| /* end confdefs.h.  */
| #include "confdefs.h"
| #include <sys/types.h>
| 
| 
| int
| main ()
| {
| switch (0) case 0: case (sizeof (long) == 4):;
|   ;
|   return 0;
| }
configure:3543: gcc -c -g -O2  conftest.c >&5
configure:3543: $? = 0
configure:3555: result: 8
configure:3565: checking for grep that handles long lines and -e
configure:3623: result: /usr/bin/grep
configure:3628: checking for egrep
configure:3690: result: /usr/bin/grep -E
configure:3695: checking execution character set
configure:3732: result: ASCII
configure:3751: checking whether make sets $(MAKE)
configure:3773: result: yes
configure:3783: checking whether a default assembler was specified
configure:3794: result: no
configure:3798: checking whether a default linker was specified
configure:3809: result: no
configure:3813: checking for GNU C library
configure:3832: gcc -c -g -O2  conftest.c >&5
conftest.c:12:10: fatal error: 'features.h' file not found
#include <features.h>
         ^~~~~~~~~~~~
1 error generated.
configure:3832: $? = 1
configure: failed program was:
| /* confdefs.h */
| #define PACKAGE_NAME ""
| #define PACKAGE_TARNAME ""
| #define PACKAGE_VERSION ""
| #define PACKAGE_STRING ""
| #define PACKAGE_BUGREPORT ""
| #define PACKAGE_URL ""
| #define SIZEOF_SHORT 2
| #define SIZEOF_INT 4
| #define SIZEOF_LONG 8
| /* end confdefs.h.  */
| #include <features.h>
| int
| main ()
| {
| 
| #if ! (defined __GLIBC__ || defined __GNU_LIBRARY__)
| #error Not a GNU C library system
| #endif
|   ;
|   return 0;
| }
configure:3840: result: no
configure:3849: checking whether ln works
configure:3872: result: yes
configure:3884: checking whether ln -s works
configure:3907: result: yes
configure:3962: checking for ranlib
configure:3978: found /usr/bin/ranlib
configure:3989: result: ranlib
configure:4050: checking for a BSD compatible install
configure:4092: result: /usr/bin/install -c
configure:4102: checking for ANSI C header files
configure:4122: gcc -c -g -O2  conftest.c >&5
configure:4122: $? = 0
configure:4195: gcc -o conftest -g -O2   conftest.c  >&5
configure:4195: $? = 0
configure:4195: ./conftest
configure:4195: $? = 0
configure:4206: result: yes
configure:4214: checking whether time.h and sys/time.h may both be included
configure:4234: gcc -c -g -O2  conftest.c >&5
configure:4234: $? = 0
configure:4241: result: yes
configure:4249: checking whether string.h and strings.h may both be included
configure:4266: gcc -c -g -O2  conftest.c >&5
configure:4266: $? = 0
configure:4273: result: yes
configure:4281: checking for sys/wait.h that is POSIX.1 compatible
configure:4307: gcc -c -g -O2  conftest.c >&5
configure:4307: $? = 0
configure:4314: result: yes
configure:4327: checking for sys/types.h
configure:4327: gcc -c -g -O2  conftest.c >&5
configure:4327: $? = 0
configure:4327: result: yes
configure:4327: checking for sys/stat.h
configure:4327: gcc -c -g -O2  conftest.c >&5
configure:4327: $? = 0
configure:4327: result: yes
configure:4327: checking for stdlib.h
configure:4327: gcc -c -g -O2  conftest.c >&5
configure:4327: $? = 0
configure:4327: result: yes
configure:4327: checking for string.h
configure:4327: gcc -c -g -O2  conftest.c >&5
configure:4327: $? = 0
configure:4327: result: yes
configure:4327: checking for memory.h
configure:4327: gcc -c -g -O2  conftest.c >&5
configure:4327: $? = 0
configure:4327: result: yes
configure:4327: checking for strings.h
configure:4327: gcc -c -g -O2  conftest.c >&5
configure:4327: $? = 0
configure:4327: result: yes
configure:4327: checking for inttypes.h
configure:4327: gcc -c -g -O2  conftest.c >&5
configure:4327: $? = 0
configure:4327: result: yes
configure:4327: checking for stdint.h
configure:4327: gcc -c -g -O2  conftest.c >&5
configure:4327: $? = 0
configure:4327: result: yes
configure:4327: checking for unistd.h
configure:4327: gcc -c -g -O2  conftest.c >&5
configure:4327: $? = 0
configure:4327: result: yes
configure:4345: checking limits.h usability
configure:4345: gcc -c -g -O2  conftest.c >&5
configure:4345: $? = 0
configure:4345: result: yes
configure:4345: checking limits.h presence
configure:4345: gcc -E  conftest.c
configure:4345: $? = 0
configure:4345: result: yes
configure:4345: checking for limits.h
configure:4345: result: yes
configure:4345: checking stddef.h usability
configure:4345: gcc -c -g -O2  conftest.c >&5
configure:4345: $? = 0
configure:4345: result: yes
configure:4345: checking stddef.h presence
configure:4345: gcc -E  conftest.c
configure:4345: $? = 0
configure:4345: result: yes
configure:4345: checking for stddef.h
configure:4345: result: yes
configure:4345: checking for string.h
configure:4345: result: yes
configure:4345: checking for strings.h
configure:4345: result: yes
configure:4345: checking for stdlib.h
configure:4345: result: yes
configure:4345: checking time.h usability
configure:4345: gcc -c -g -O2  conftest.c >&5
configure:4345: $? = 0
configure:4345: result: yes
configure:4345: checking time.h presence
configure:4345: gcc -E  conftest.c
configure:4345: $? = 0
configure:4345: result: yes
configure:4345: checking for time.h
configure:4345: result: yes
configure:4345: checking fcntl.h usability
configure:4345: gcc -c -g -O2  conftest.c >&5
configure:4345: $? = 0
configure:4345: result: yes
configure:4345: checking fcntl.h presence
configure:4345: gcc -E  conftest.c
configure:4345: $? = 0
configure:4345: result: yes
configure:4345: checking for fcntl.h
configure:4345: result: yes
configure:4345: checking for unistd.h
configure:4345: result: yes
configure:4345: checking sys/file.h usability
configure:4345: gcc -c -g -O2  conftest.c >&5
configure:4345: $? = 0
configure:4345: result: yes
configure:4345: checking sys/file.h presence
configure:4345: gcc -E  conftest.c
configure:4345: $? = 0
configure:4345: result: yes
configure:4345: checking for sys/file.h
configure:4345: result: yes
configure:4345: checking sys/time.h usability
configure:4345: gcc -c -g -O2  conftest.c >&5
configure:4345: $? = 0
configure:4345: result: yes
configure:4345: checking sys/time.h presence
configure:4345: gcc -E  conftest.c
configure:4345: $? = 0
configure:4345: result: yes
configure:4345: checking for sys/time.h
configure:4345: result: yes
configure:4345: checking sys/resource.h usability
configure:4345: gcc -c -g -O2  conftest.c >&5
configure:4345: $? = 0
configure:4345: result: yes
configure:4345: checking sys/resource.h presence
configure:4345: gcc -E  conftest.c
configure:4345: $? = 0
configure:4345: result: yes
configure:4345: checking for sys/resource.h
configure:4345: result: yes
configure:4345: checking sys/param.h usability
configure:4345: gcc -c -g -O2  conftest.c >&5
configure:4345: $? = 0
configure:4345: result: yes
configure:4345: checking sys/param.h presence
configure:4345: gcc -E  conftest.c
configure:4345: $? = 0
configure:4345: result: yes
configure:4345: checking for sys/param.h
configure:4345: result: yes
configure:4345: checking sys/times.h usability
configure:4345: gcc -c -g -O2  conftest.c >&5
configure:4345: $? = 0
configure:4345: result: yes
configure:4345: checking sys/times.h presence
configure:4345: gcc -E  conftest.c
configure:4345: $? = 0
configure:4345: result: yes
configure:4345: checking for sys/times.h
configure:4345: result: yes
configure:4345: checking for sys/stat.h
configure:4345: result: yes
configure:4345: checking direct.h usability
configure:4345: gcc -c -g -O2  conftest.c >&5
conftest.c:72:10: fatal error: 'direct.h' file not found
#include <direct.h>
         ^~~~~~~~~~
1 error generated.
configure:4345: $? = 1
configure: failed program was:
| /* confdefs.h */
| #define PACKAGE_NAME ""
| #define PACKAGE_TARNAME ""
| #define PACKAGE_VERSION ""
| #define PACKAGE_STRING ""
| #define PACKAGE_BUGREPORT ""
| #define PACKAGE_URL ""
| #define SIZEOF_SHORT 2
| #define SIZEOF_INT 4
| #define SIZEOF_LONG 8
| #define STDC_HEADERS 1
| #define TIME_WITH_SYS_TIME 1
| #define STRING_WITH_STRINGS 1
| #define HAVE_SYS_WAIT_H 1
| #define HAVE_SYS_TYPES_H 1
| #define HAVE_SYS_STAT_H 1
| #define HAVE_STDLIB_H 1
| #define HAVE_STRING_H 1
| #define HAVE_MEMORY_H 1
| #define HAVE_STRINGS_H 1
| #define HAVE_INTTYPES_H 1
| #define HAVE_STDINT_H 1
| #define HAVE_UNISTD_H 1
| #define HAVE_LIMITS_H 1
| #define HAVE_STDDEF_H 1
| #define HAVE_STRING_H 1
| #define HAVE_STRINGS_H 1
| #define HAVE_STDLIB_H 1
| #define HAVE_TIME_H 1
| #define HAVE_FCNTL_H 1
| #define HAVE_UNISTD_H 1
| #define HAVE_SYS_FILE_H 1
| #define HAVE_SYS_TIME_H 1
| #define HAVE_SYS_RESOURCE_H 1
| #define HAVE_SYS_PARAM_H 1
| #define HAVE_SYS_TIMES_H 1
| #define HAVE_SYS_STAT_H 1
| /* end confdefs.h.  */
| #include <stdio.h>
| #ifdef HAVE_SYS_TYPES_H
| # include <sys/types.h>
| #endif
| #ifdef HAVE_SYS_STAT_H
| # include <sys/stat.h>
| #endif
| #ifdef STDC_HEADERS
| # include <stdlib.h>
| # include <stddef.h>
| #else
| # ifdef HAVE_STDLIB_H
| #  include <stdlib.h>
| # endif
| #endif
| #ifdef HAVE_STRING_H
| # if !defined STDC_HEADERS && defined HAVE_MEMORY_H
| #  include <memory.h>
| # endif
| # include <string.h>
| #endif
| #ifdef HAVE_STRINGS_H
| # include <strings.h>
| #endif
| #ifdef HAVE_INTTYPES_H
| # include <inttypes.h>
| #endif
| #ifdef HAVE_STDINT_H
| # include <stdint.h>
| #endif
| #ifdef HAVE_UNISTD_H
| # include <unistd.h>
| #endif
| #include <direct.h>
configure:4345: result: no
configure:4345: checking direct.h presence
configure:4345: gcc -E  conftest.c
conftest.c:39:10: fatal error: 'direct.h' file not found
#include <direct.h>
         ^~~~~~~~~~
1 error generated.
configure:4345: $? = 1
configure: failed program was:
| /* confdefs.h */
| #define PACKAGE_NAME ""
| #define PACKAGE_TARNAME ""
| #define PACKAGE_VERSION ""
| #define PACKAGE_STRING ""
| #define PACKAGE_BUGREPORT ""
| #define PACKAGE_URL ""
| #define SIZEOF_SHORT 2
| #define SIZEOF_INT 4
| #define SIZEOF_LONG 8
| #define STDC_HEADERS 1
| #define TIME_WITH_SYS_TIME 1
| #define STRING_WITH_STRINGS 1
| #define HAVE_SYS_WAIT_H 1
| #define HAVE_SYS_TYPES_H 1
| #define HAVE_SYS_STAT_H 1
| #define HAVE_STDLIB_H 1
| #define HAVE_STRING_H 1
| #define HAVE_MEMORY_H 1
| #define HAVE_STRINGS_H 1
| #define HAVE_INTTYPES_H 1
| #define HAVE_STDINT_H 1
| #define HAVE_UNISTD_H 1
| #define HAVE_LIMITS_H 1
| #define HAVE_STDDEF_H 1
| #define HAVE_STRING_H 1
| #define HAVE_STRINGS_H 1
| #define HAVE_STDLIB_H 1
| #define HAVE_TIME_H 1
| #define HAVE_FCNTL_H 1
| #define HAVE_UNISTD_H 1
| #define HAVE_SYS_FILE_H 1
| #define HAVE_SYS_TIME_H 1
| #define HAVE_SYS_RESOURCE_H 1
| #define HAVE_SYS_PARAM_H 1
| #define HAVE_SYS_TIMES_H 1
| #define HAVE_SYS_STAT_H 1
| /* end confdefs.h.  */
| #include <direct.h>
configure:4345: result: no
configure:4345: checking for direct.h
configure:4345: result: no
configure:4345: checking malloc.h usability
configure:4345: gcc -c -g -O2  conftest.c >&5
conftest.c:72:10: fatal error: 'malloc.h' file not found
#include <malloc.h>
         ^~~~~~~~~~
1 error generated.
configure:4345: $? = 1
configure: failed program was:
| /* confdefs.h */
| #define PACKAGE_NAME ""
| #define PACKAGE_TARNAME ""
| #define PACKAGE_VERSION ""
| #define PACKAGE_STRING ""
| #define PACKAGE_BUGREPORT ""
| #define PACKAGE_URL ""
| #define SIZEOF_SHORT 2
| #define SIZEOF_INT 4
| #define SIZEOF_LONG 8
| #define STDC_HEADERS 1
| #define TIME_WITH_SYS_TIME 1
| #define STRING_WITH_STRINGS 1
| #define HAVE_SYS_WAIT_H 1
| #define HAVE_SYS_TYPES_H 1
| #define HAVE_SYS_STAT_H 1
| #define HAVE_STDLIB_H 1
| #define HAVE_STRING_H 1
| #define HAVE_MEMORY_H 1
| #define HAVE_STRINGS_H 1
| #define HAVE_INTTYPES_H 1
| #define HAVE_STDINT_H 1
| #define HAVE_UNISTD_H 1
| #define HAVE_LIMITS_H 1
| #define HAVE_STDDEF_H 1
| #define HAVE_STRING_H 1
| #define HAVE_STRINGS_H 1
| #define HAVE_STDLIB_H 1
| #define HAVE_TIME_H 1
| #define HAVE_FCNTL_H 1
| #define HAVE_UNISTD_H 1
| #define HAVE_SYS_FILE_H 1
| #define HAVE_SYS_TIME_H 1
| #define HAVE_SYS_RESOURCE_H 1
| #define HAVE_SYS_PARAM_H 1
| #define HAVE_SYS_TIMES_H 1
| #define HAVE_SYS_STAT_H 1
| /* end confdefs.h.  */
| #include <stdio.h>
| #ifdef HAVE_SYS_TYPES_H
| # include <sys/types.h>
| #endif
| #ifdef HAVE_SYS_STAT_H
| # include <sys/stat.h>
| #endif
| #ifdef STDC_HEADERS
| # include <stdlib.h>
| # include <stddef.h>
| #else
| # ifdef HAVE_STDLIB_H
| #  include <stdlib.h>
| # endif
| #endif
| #ifdef HAVE_STRING_H
| # if !defined STDC_HEADERS && defined HAVE_MEMORY_H
| #  include <memory.h>
| # endif
| # include <string.h>
| #endif
| #ifdef HAVE_STRINGS_H
| # include <strings.h>
| #endif
| #ifdef HAVE_INTTYPES_H
| # include <inttypes.h>
| #endif
| #ifdef HAVE_STDINT_H
| # include <stdint.h>
| #endif
| #ifdef HAVE_UNISTD_H
| # include <unistd.h>
| #endif
| #include <malloc.h>
configure:4345: result: no
configure:4345: checking malloc.h presence
configure:4345: gcc -E  conftest.c
conftest.c:39:10: fatal error: 'malloc.h' file not found
#include <malloc.h>
         ^~~~~~~~~~
1 error generated.
configure:4345: $? = 1
configure: failed program was:
| /* confdefs.h */
| #define PACKAGE_NAME ""
| #define PACKAGE_TARNAME ""
| #define PACKAGE_VERSION ""
| #define PACKAGE_STRING ""
| #define PACKAGE_BUGREPORT ""
| #define PACKAGE_URL ""
| #define SIZEOF_SHORT 2
| #define SIZEOF_INT 4
| #define SIZEOF_LONG 8
| #define STDC_HEADERS 1
| #define TIME_WITH_SYS_TIME 1
| #define STRING_WITH_STRINGS 1
| #define HAVE_SYS_WAIT_H 1
| #define HAVE_SYS_TYPES_H 1
| #define HAVE_SYS_STAT_H 1
| #define HAVE_STDLIB_H 1
| #define HAVE_STRING_H 1
| #define HAVE_MEMORY_H 1
| #define HAVE_STRINGS_H 1
| #define HAVE_INTTYPES_H 1
| #define HAVE_STDINT_H 1
| #define HAVE_UNISTD_H 1
| #define HAVE_LIMITS_H 1
| #define HAVE_STDDEF_H 1
| #define HAVE_STRING_H 1
| #define HAVE_STRINGS_H 1
| #define HAVE_STDLIB_H 1
| #define HAVE_TIME_H 1
| #define HAVE_FCNTL_H 1
| #define HAVE_UNISTD_H 1
| #define HAVE_SYS_FILE_H 1
| #define HAVE_SYS_TIME_H 1
| #define HAVE_SYS_RESOURCE_H 1
| #define HAVE_SYS_PARAM_H 1
| #define HAVE_SYS_TIMES_H 1
| #define HAVE_SYS_STAT_H 1
| /* end confdefs.h.  */
| #include <malloc.h>
configure:4345: result: no
configure:4345: checking for malloc.h
configure:4345: result: no
configure:4345: checking langinfo.h usability
configure:4345: gcc -c -g -O2  conftest.c >&5
configure:4345: $? = 0
configure:4345: result: yes
configure:4345: checking langinfo.h presence
configure:4345: gcc -E  conftest.c
configure:4345: $? = 0
configure:4345: result: yes
configure:4345: checking for langinfo.h
configure:4345: result: yes
configure:4359: checking for CHAR_BIT
configure:4383: result: yes
configure:4429: checking byte ordering
configure:4463: gcc -c -g -O2  conftest.c >&5
configure:4466: $? = 0
configure:4493: result: little-endian
configure:4507: checking for mktemp
configure:4523: found /usr/bin/mktemp
configure:4535: result: yes
configure:4546: checking for strip
configure:4562: found /usr/bin/strip
configure:4574: result: strip
configure:4585: checking for preprocessor stringizing operator
configure:4605: result: yes
configure:4616: checking for inttypes.h
configure:4633: gcc -c -g -O2  conftest.c >&5
configure:4633: $? = 0
configure:4641: result: yes
configure:4653: checking for times
configure:4653: gcc -o conftest -g -O2   conftest.c  >&5
configure:4653: $? = 0
configure:4653: result: yes
configure:4653: checking for clock
configure:4653: gcc -o conftest -g -O2   conftest.c  >&5
configure:4653: $? = 0
configure:4653: result: yes
configure:4653: checking for strchr
configure:4653: gcc -o conftest -g -O2   conftest.c  >&5
conftest.c:67:6: warning: incompatible redeclaration of library function 'strchr' [-Wincompatible-library-redeclaration]
char strchr ();
     ^
conftest.c:67:6: note: 'strchr' is a builtin with type 'char *(const char *, int)'
1 warning generated.
configure:4653: $? = 0
configure:4653: result: yes
configure:4653: checking for strrchr
configure:4653: gcc -o conftest -g -O2   conftest.c  >&5
conftest.c:68:6: warning: incompatible redeclaration of library function 'strrchr' [-Wincompatible-library-redeclaration]
char strrchr ();
     ^
conftest.c:68:6: note: 'strrchr' is a builtin with type 'char *(const char *, int)'
1 warning generated.
configure:4653: $? = 0
configure:4653: result: yes
configure:4653: checking for lstat
configure:4653: gcc -o conftest -g -O2   conftest.c  >&5
configure:4653: $? = 0
configure:4653: result: yes
configure:4663: checking for ssize_t
configure:4663: gcc -c -g -O2  conftest.c >&5
configure:4663: $? = 0
configure:4663: gcc -c -g -O2  conftest.c >&5
conftest.c:83:22: error: expected expression
if (sizeof ((ssize_t)))
                     ^
1 error generated.
configure:4663: $? = 1
configure: failed program was:
| /* confdefs.h */
| #define PACKAGE_NAME ""
| #define PACKAGE_TARNAME ""
| #define PACKAGE_VERSION ""
| #define PACKAGE_STRING ""
| #define PACKAGE_BUGREPORT ""
| #define PACKAGE_URL ""
| #define SIZEOF_SHORT 2
| #define SIZEOF_INT 4
| #define SIZEOF_LONG 8
| #define STDC_HEADERS 1
| #define TIME_WITH_SYS_TIME 1
| #define STRING_WITH_STRINGS 1
| #define HAVE_SYS_WAIT_H 1
| #define HAVE_SYS_TYPES_H 1
| #define HAVE_SYS_STAT_H 1
| #define HAVE_STDLIB_H 1
| #define HAVE_STRING_H 1
| #define HAVE_MEMORY_H 1
| #define HAVE_STRINGS_H 1
| #define HAVE_INTTYPES_H 1
| #define HAVE_STDINT_H 1
| #define HAVE_UNISTD_H 1
| #define HAVE_LIMITS_H 1
| #define HAVE_STDDEF_H 1
| #define HAVE_STRING_H 1
| #define HAVE_STRINGS_H 1
| #define HAVE_STDLIB_H 1
| #define HAVE_TIME_H 1
| #define HAVE_FCNTL_H 1
| #define HAVE_UNISTD_H 1
| #define HAVE_SYS_FILE_H 1
| #define HAVE_SYS_TIME_H 1
| #define HAVE_SYS_RESOURCE_H 1
| #define HAVE_SYS_PARAM_H 1
| #define HAVE_SYS_TIMES_H 1
| #define HAVE_SYS_STAT_H 1
| #define HAVE_LANGINFO_H 1
| #define HAVE_STRINGIZE 1
| #define HAVE_INTTYPES_H 1
| #define HAVE_TIMES 1
| #define HAVE_CLOCK 1
| #define HAVE_STRCHR 1
| #define HAVE_STRRCHR 1
| #define HAVE_LSTAT 1
| /* end confdefs.h.  */
| #include <stdio.h>
| #ifdef HAVE_SYS_TYPES_H
| # include <sys/types.h>
| #endif
| #ifdef HAVE_SYS_STAT_H
| # include <sys/stat.h>
| #endif
| #ifdef STDC_HEADERS
| # include <stdlib.h>
| # include <stddef.h>
| #else
| # ifdef HAVE_STDLIB_H
| #  include <stdlib.h>
| # endif
| #endif
| #ifdef HAVE_STRING_H
| # if !defined STDC_HEADERS && defined HAVE_MEMORY_H
| #  include <memory.h>
| # endif
| # include <string.h>
| #endif
| #ifdef HAVE_STRINGS_H
| # include <strings.h>
| #endif
| #ifdef HAVE_INTTYPES_H
| # include <inttypes.h>
| #endif
| #ifdef HAVE_STDINT_H
| # include <stdint.h>
| #endif
| #ifdef HAVE_UNISTD_H
| # include <unistd.h>
| #endif
| int
| main ()
| {
| if (sizeof ((ssize_t)))
| 	    return 0;
|   ;
|   return 0;
| }
configure:4663: result: yes
configure:4677: checking for getpagesize
configure:4677: gcc -o conftest -g -O2   conftest.c  >&5
configure:4677: $? = 0
configure:4677: result: yes
configure:4932: checking for working mmap from /dev/zero
configure:4952: gcc -o conftest -g -O2   conftest.c  >&5
In file included from conftest.c:48:
./ct-mmap.inc:97:5: warning: implicitly declaring library function 'exit' with type 'void (int) __attribute__((noreturn))' [-Wimplicit-function-declaration]
    perror_exit("test 0 mmap", 2);
    ^
./ct-mmap.inc:59:21: note: expanded from macro 'perror_exit'
  do { perror(str); exit(val); } while (0)
                    ^
./ct-mmap.inc:97:5: note: include the header <stdlib.h> or explicitly provide a declaration for 'exit'
./ct-mmap.inc:59:21: note: expanded from macro 'perror_exit'
  do { perror(str); exit(val); } while (0)
                    ^
./ct-mmap.inc:228:8: warning: implicit declaration of function 'getpagesize' is invalid in C99 [-Wimplicit-function-declaration]
  pg = getpagesize ();
       ^
2 warnings generated.
configure:4952: $? = 0
configure:4952: ./conftest
test 0 mmap: Operation not supported by device
configure:4952: $? = 2
configure: program exited with status 2
configure: failed program was:
| /* confdefs.h */
| #define PACKAGE_NAME ""
| #define PACKAGE_TARNAME ""
| #define PACKAGE_VERSION ""
| #define PACKAGE_STRING ""
| #define PACKAGE_BUGREPORT ""
| #define PACKAGE_URL ""
| #define SIZEOF_SHORT 2
| #define SIZEOF_INT 4
| #define SIZEOF_LONG 8
| #define STDC_HEADERS 1
| #define TIME_WITH_SYS_TIME 1
| #define STRING_WITH_STRINGS 1
| #define HAVE_SYS_WAIT_H 1
| #define HAVE_SYS_TYPES_H 1
| #define HAVE_SYS_STAT_H 1
| #define HAVE_STDLIB_H 1
| #define HAVE_STRING_H 1
| #define HAVE_MEMORY_H 1
| #define HAVE_STRINGS_H 1
| #define HAVE_INTTYPES_H 1
| #define HAVE_STDINT_H 1
| #define HAVE_UNISTD_H 1
| #define HAVE_LIMITS_H 1
| #define HAVE_STDDEF_H 1
| #define HAVE_STRING_H 1
| #define HAVE_STRINGS_H 1
| #define HAVE_STDLIB_H 1
| #define HAVE_TIME_H 1
| #define HAVE_FCNTL_H 1
| #define HAVE_UNISTD_H 1
| #define HAVE_SYS_FILE_H 1
| #define HAVE_SYS_TIME_H 1
| #define HAVE_SYS_RESOURCE_H 1
| #define HAVE_SYS_PARAM_H 1
| #define HAVE_SYS_TIMES_H 1
| #define HAVE_SYS_STAT_H 1
| #define HAVE_LANGINFO_H 1
| #define HAVE_STRINGIZE 1
| #define HAVE_INTTYPES_H 1
| #define HAVE_TIMES 1
| #define HAVE_CLOCK 1
| #define HAVE_STRCHR 1
| #define HAVE_STRRCHR 1
| #define HAVE_LSTAT 1
| #define HAVE_GETPAGESIZE 1
| /* end confdefs.h.  */
| #include "ct-mmap.inc"
configure:4966: result: no
configure:4974: checking for working mmap with MAP_ANON(YMOUS)
configure:4989: gcc -o conftest -g -O2   conftest.c  >&5
In file included from conftest.c:49:
./ct-mmap.inc:97:5: warning: implicitly declaring library function 'exit' with type 'void (int) __attribute__((noreturn))' [-Wimplicit-function-declaration]
    perror_exit("test 0 mmap", 2);
    ^
./ct-mmap.inc:59:21: note: expanded from macro 'perror_exit'
  do { perror(str); exit(val); } while (0)
                    ^
./ct-mmap.inc:97:5: note: include the header <stdlib.h> or explicitly provide a declaration for 'exit'
./ct-mmap.inc:59:21: note: expanded from macro 'perror_exit'
  do { perror(str); exit(val); } while (0)
                    ^
./ct-mmap.inc:228:8: warning: implicit declaration of function 'getpagesize' is invalid in C99 [-Wimplicit-function-declaration]
  pg = getpagesize ();
       ^
2 warnings generated.
configure:4989: $? = 0
configure:4989: ./conftest
configure:4989: $? = 0
configure:5003: result: yes
configure:5012: checking for working mmap of a file
configure:5064: gcc -o conftest -g -O2   conftest.c  >&5
conftest.c:66:5: warning: implicitly declaring library function 'exit' with type 'void (int) __attribute__((noreturn))' [-Wimplicit-function-declaration]
    exit(1);
    ^
conftest.c:66:5: note: include the header <stdlib.h> or explicitly provide a declaration for 'exit'
1 warning generated.
configure:5064: $? = 0
configure:5064: ./conftest
configure:5064: $? = 0
configure:5074: result: yes
configure:5090: checking whether getenv is declared
configure:5113: gcc -c -g -O2 -I. -I./../include  conftest.c >&5
configure:5113: $? = 0
configure:5122: result: yes
configure:5090: checking whether abort is declared
configure:5113: gcc -c -g -O2 -I. -I./../include  conftest.c >&5
configure:5113: $? = 0
configure:5122: result: yes
configure:5090: checking whether errno is declared
configure:5113: gcc -c -g -O2 -I. -I./../include  conftest.c >&5
configure:5113: $? = 0
configure:5122: result: yes
configure:5090: checking whether malloc is declared
configure:5113: gcc -c -g -O2 -I. -I./../include  conftest.c >&5
configure:5113: $? = 0
configure:5122: result: yes
configure:5090: checking whether realloc is declared
configure:5113: gcc -c -g -O2 -I. -I./../include  conftest.c >&5
configure:5113: $? = 0
configure:5122: result: yes
configure:5090: checking whether calloc is declared
configure:5113: gcc -c -g -O2 -I. -I./../include  conftest.c >&5
configure:5113: $? = 0
configure:5122: result: yes
configure:5090: checking whether free is declared
configure:5113: gcc -c -g -O2 -I. -I./../include  conftest.c >&5
configure:5113: $? = 0
configure:5122: result: yes
configure:5090: checking whether getopt is declared
configure:5113: gcc -c -g -O2 -I. -I./../include  conftest.c >&5
configure:5113: $? = 0
configure:5122: result: yes
configure:5090: checking whether clock is declared
configure:5113: gcc -c -g -O2 -I. -I./../include  conftest.c >&5
configure:5113: $? = 0
configure:5122: result: yes
configure:5162: checking whether times is declared
configure:5189: gcc -c -g -O2 -I. -I./../include  conftest.c >&5
configure:5189: $? = 0
configure:5198: result: yes
configure:5219: checking for struct tms
configure:5242: gcc -c -g -O2 -I. -I./../include  conftest.c >&5
configure:5242: $? = 0
configure:5249: result: yes
configure:5259: checking for clock_t
configure:5279: gcc -c -g -O2 -I. -I./../include  conftest.c >&5
configure:5279: $? = 0
configure:5286: result: yes
configure:5298: checking if mkdir takes one argument
configure:5324: gcc -c -g -O2  conftest.c >&5
configure:5324: $? = 0
configure:5331: result: no
configure:5485: checking what assembler to use
configure:5567: result: /usr/bin/as
configure:5572: checking what nm to use
configure:5580: result: nm
configure:5584: checking whether to enable maintainer-specific portions of Makefiles
configure:5594: result: no
configure:5792: creating ./config.status

## ---------------------- ##
## Running config.status. ##
## ---------------------- ##

This file was extended by config.status, which was
generated by GNU Autoconf 2.69.  Invocation command line was

  CONFIG_FILES    = 
  CONFIG_HEADERS  = 
  CONFIG_LINKS    = 
  CONFIG_COMMANDS = 
  $ ./config.status 

on EliX.local

config.status:966: creating Makefile
config.status:966: creating auto-host.h
config.status:1155: executing default commands

## ---------------- ##
## Cache variables. ##
## ---------------- ##

ac_cv_c_charset=ASCII
ac_cv_c_compile_endian=little-endian
ac_cv_c_compiler_gnu=yes
ac_cv_c_inline=inline
ac_cv_c_stringize=yes
ac_cv_env_CC_set=
ac_cv_env_CC_value=
ac_cv_env_CFLAGS_set=
ac_cv_env_CFLAGS_value=
ac_cv_env_CPPFLAGS_set=
ac_cv_env_CPPFLAGS_value=
ac_cv_env_CPP_set=
ac_cv_env_CPP_value=
ac_cv_env_LDFLAGS_set=
ac_cv_env_LDFLAGS_value=
ac_cv_env_LIBS_set=
ac_cv_env_LIBS_value=
ac_cv_env_build_alias_set=
ac_cv_env_build_alias_value=
ac_cv_env_host_alias_set=
ac_cv_env_host_alias_value=
ac_cv_env_target_alias_set=
ac_cv_env_target_alias_value=
ac_cv_func_clock=yes
ac_cv_func_getpagesize=yes
ac_cv_func_lstat=yes
ac_cv_func_mmap_anon=yes
ac_cv_func_mmap_dev_zero=no
ac_cv_func_mmap_file=yes
ac_cv_func_strchr=yes
ac_cv_func_strrchr=yes
ac_cv_func_times=yes
ac_cv_header_direct_h=no
ac_cv_header_fcntl_h=yes
ac_cv_header_inttypes_h=yes
ac_cv_header_langinfo_h=yes
ac_cv_header_limits_h=yes
ac_cv_header_malloc_h=no
ac_cv_header_memory_h=yes
ac_cv_header_stdc=yes
ac_cv_header_stddef_h=yes
ac_cv_header_stdint_h=yes
ac_cv_header_stdlib_h=yes
ac_cv_header_string_h=yes
ac_cv_header_strings_h=yes
ac_cv_header_sys_file_h=yes
ac_cv_header_sys_param_h=yes
ac_cv_header_sys_resource_h=yes
ac_cv_header_sys_stat_h=yes
ac_cv_header_sys_time_h=yes
ac_cv_header_sys_times_h=yes
ac_cv_header_sys_types_h=yes
ac_cv_header_sys_wait_h=yes
ac_cv_header_time=yes
ac_cv_header_time_h=yes
ac_cv_header_unistd_h=yes
ac_cv_objext=o
ac_cv_path_EGREP='/usr/bin/grep -E'
ac_cv_path_GREP=/usr/bin/grep
ac_cv_path_install='/usr/bin/install -c'
ac_cv_prog_CPP='gcc -E'
ac_cv_prog_STRIP=strip
ac_cv_prog_ac_ct_CC=gcc
ac_cv_prog_ac_ct_RANLIB=ranlib
ac_cv_prog_cc_c89=
ac_cv_prog_cc_g=yes
ac_cv_prog_cc_gcc_c_o=yes
ac_cv_prog_have_mktemp_command=yes
ac_cv_prog_make_make_set=yes
ac_cv_sizeof_int=4
ac_cv_sizeof_long=8
ac_cv_sizeof_short=2
ac_cv_struct_tms=yes
ac_cv_type_ssize_t=yes
gcc_cv_as=/usr/bin/as
gcc_cv_as_gas_srcdir=./gas
gcc_cv_decl_char_bit=yes
gcc_cv_gas_major_version=
gcc_cv_gas_minor_version=
gcc_cv_glibc=no
gcc_cv_have_decl_abort=yes
gcc_cv_have_decl_calloc=yes
gcc_cv_have_decl_clock=yes
gcc_cv_have_decl_errno=yes
gcc_cv_have_decl_free=yes
gcc_cv_have_decl_getenv=yes
gcc_cv_have_decl_getopt=yes
gcc_cv_have_decl_malloc=yes
gcc_cv_have_decl_realloc=yes
gcc_cv_have_decl_times=yes
gcc_cv_header_inttypes_h=yes
gcc_cv_header_string=yes
gcc_cv_mkdir_takes_one_arg=no
gcc_cv_nm=nm
gcc_cv_prog_LN=ln
gcc_cv_prog_LN_S='ln -s'
gcc_cv_type_clock_t=yes

## ----------------- ##
## Output variables. ##
## ----------------- ##

CC='gcc'
CFLAGS='-g -O2'
CPP='gcc -E'
CPPFLAGS=''
DEFS='-DHAVE_CONFIG_H'
ECHO_C='\c'
ECHO_N=''
ECHO_T=''
EGREP='/usr/bin/grep -E'
EXEEXT=''
GREP='/usr/bin/grep'
INSTALL='/usr/bin/install -c'
INSTALL_DATA='${INSTALL} -m 644'
INSTALL_PROGRAM='${INSTALL}'
LDFLAGS=''
LIBOBJS=''
LIBS=''
LN='ln'
LN_S='ln -s'
LTLIBOBJS=''
MAINT='#'
NO_MINUS_C_MINUS_O=''
OBJEXT='o'
OUTPUT_OPTION='-o $@'
PACKAGE='sdcc'
PACKAGE_BUGREPORT=''
PACKAGE_NAME=''
PACKAGE_STRING=''
PACKAGE_TARNAME=''
PACKAGE_URL=''
PACKAGE_VERSION=''
PATH_SEPARATOR=':'
RANLIB='ranlib'
SET_MAKE=''
SHELL='/bin/sh'
STRIP='strip'
VERSION='3.1'
ac_ct_CC='gcc'
all_stagestuff=''
bindir='${exec_prefix}/bin'
build_alias=''
build_canonical=''
build_exeext=''
build_install_headers_dir='install-headers-tar'
build_xm_defines=''
build_xm_file='auto-host.h ansidecl.h  /.h defaults.h'
build_xm_file_list=''
c_target_objs=''
check_languages=''
cross_defines=''
datadir='${datarootdir}'
datarootdir='${prefix}/share'
dep_host_xmake_file=''
dep_tmake_file=''
docdir='${datarootdir}/doc/${PACKAGE}'
dvidir='${docdir}'
exec_prefix='${prefix}'
extra_c_flags=''
extra_headers_list=''
extra_objs=' '
extra_parts=''
extra_passes=''
extra_programs=''
gcc_config_arguments=' : (reconfigured)  : (reconfigured)  : (reconfigured)  : (reconfigured)  : (reconfigured)  : (reconfigured) '
gcc_version='3.1'
gcc_version_full='3.1 20010625 (experimental) + SDCC'
gcc_version_trigger='./version.c'
have_mktemp_command='yes'
host_alias=''
host_canonical=''
host_exeext=''
host_extra_gcc_objs=''
htmldir='${docdir}'
includedir='${prefix}/include'
infodir='${datarootdir}/info'
install=''
lang_tree_files=''
libdir='${exec_prefix}/lib'
libexecdir='${exec_prefix}/libexec'
local_prefix='/usr/local'
localedir='${datarootdir}/locale'
localstatedir='${prefix}/var'
mandir='${datarootdir}/man'
manext='.1'
md_file='/.md'
objdir='/Users/admin/gbdk/sdcc/support/cpp2'
objext='.o'
oldincludedir='/usr/include'
out_file='/.c'
out_object_file='.c.o'
pdfdir='${docdir}'
prefix='/usr/local'
program_transform_name='s,x,x,'
psdir='${docdir}'
sbindir='${exec_prefix}/sbin'
sharedstatedir='${prefix}/com'
symbolic_link='ln -s'
sysconfdir='${prefix}/etc'
target_alias=''
target_subdir=''
thread_file=''
warn_cflags='$(GCC_WARN_CFLAGS)'

## ------------------- ##
## File substitutions. ##
## ------------------- ##

build_overrides=''
cross_overrides=''
host_overrides=''
target_overrides=''

## ----------- ##
## confdefs.h. ##
## ----------- ##

/* confdefs.h */
#define PACKAGE_NAME ""
#define PACKAGE_TARNAME ""
#define PACKAGE_VERSION ""
#define PACKAGE_STRING ""
#define PACKAGE_BUGREPORT ""
#define PACKAGE_URL ""
#define SIZEOF_SHORT 2
#define SIZEOF_INT 4
#define SIZEOF_LONG 8
#define STDC_HEADERS 1
#define TIME_WITH_SYS_TIME 1
#define STRING_WITH_STRINGS 1
#define HAVE_SYS_WAIT_H 1
#define HAVE_SYS_TYPES_H 1
#define HAVE_SYS_STAT_H 1
#define HAVE_STDLIB_H 1
#define HAVE_STRING_H 1
#define HAVE_MEMORY_H 1
#define HAVE_STRINGS_H 1
#define HAVE_INTTYPES_H 1
#define HAVE_STDINT_H 1
#define HAVE_UNISTD_H 1
#define HAVE_LIMITS_H 1
#define HAVE_STDDEF_H 1
#define HAVE_STRING_H 1
#define HAVE_STRINGS_H 1
#define HAVE_STDLIB_H 1
#define HAVE_TIME_H 1
#define HAVE_FCNTL_H 1
#define HAVE_UNISTD_H 1
#define HAVE_SYS_FILE_H 1
#define HAVE_SYS_TIME_H 1
#define HAVE_SYS_RESOURCE_H 1
#define HAVE_SYS_PARAM_H 1
#define HAVE_SYS_TIMES_H 1
#define HAVE_SYS_STAT_H 1
#define HAVE_LANGINFO_H 1
#define HAVE_STRINGIZE 1
#define HAVE_INTTYPES_H 1
#define HAVE_TIMES 1
#define HAVE_CLOCK 1
#define HAVE_STRCHR 1
#define HAVE_STRRCHR 1
#define HAVE_LSTAT 1
#define HAVE_GETPAGESIZE 1
#define HAVE_MMAP_ANON 1
#define HAVE_MMAP_FILE 1
#define HAVE_DECL_GETENV 1
#define HAVE_DECL_ABORT 1
#define HAVE_DECL_ERRNO 1
#define HAVE_DECL_MALLOC 1
#define HAVE_DECL_REALLOC 1
#define HAVE_DECL_CALLOC 1
#define HAVE_DECL_FREE 1
#define HAVE_DECL_GETOPT 1
#define HAVE_DECL_CLOCK 1
#define HAVE_DECL_TIMES 1
#define HAVE_STRUCT_TMS 1
#define HAVE_CLOCK_T 1
#define PACKAGE "sdcc"
#define VERSION "3.1"

configure: exit 0
